=========================2026-03-11 17:01:06 ========================= 
reflect: Call using zero Value argument
goroutine 9 [running]:
runtime/debug.Stack()
	/usr/local/go/src/runtime/debug/stack.go:26 +0x64
github.com/xxjwxc/public/mylog.(*errDeal).SaveError(0x40003174c0, {0x40003c5fb0, 0x27}, {0x751f3a, 0x3})
	/root/go/pkg/mod/github.com/yichouchou/public@v0.0.0-20220119031239-572eeffef718/mylog/common.go:38 +0x204
github.com/xxjwxc/public/mylog.(*stdLog).Error(0x40003174c0, {0x400019da10, 0x1, 0x1})
	/root/go/pkg/mod/github.com/yichouchou/public@v0.0.0-20220119031239-572eeffef718/mylog/std.go:38 +0xfc
github.com/xxjwxc/public/mylog.Error(...)
	/root/go/pkg/mod/github.com/yichouchou/public@v0.0.0-20220119031239-572eeffef718/mylog/mylog.go:45
github.com/yichouchou/ginPlus/annotation.New.func1({0x656040, 0x400019da00})
	/root/usr/go-project/gin_plus/annotation/ProcessAnnot.go:117 +0x80
github.com/yichouchou/ginPlus/annotation.(*BaseGin).registerHandlerObjTemp.(*BaseGin).handlerFuncObjTemp.func1.1()
	/root/usr/go-project/gin_plus/annotation/ProcessAnnot.go:994 +0x40
panic({0x656040?, 0x400019da00?})
	/usr/local/go/src/runtime/panic.go:787 +0x124
reflect.Value.call({0x40000beb00?, 0x4000194f58?, 0x4000179528?}, {0x7521c5, 0x4}, {0x40000b20c0, 0x6, 0x5a2458?})
	/usr/local/go/src/reflect/value.go:432 +0x156c
reflect.Value.Call({0x40000beb00?, 0x4000194f58?, 0x4000179770?}, {0x40000b20c0?, 0x74d5e0?, 0x753a0a?})
	/usr/local/go/src/reflect/value.go:365 +0x94
github.com/yichouchou/ginPlus/annotation.(*BaseGin).registerHandlerObjTemp.(*BaseGin).handlerFuncObjTemp.func1(0x40000d3100)
	/root/usr/go-project/gin_plus/annotation/ProcessAnnot.go:1385 +0x2680
github.com/gin-gonic/gin.(*Context).Next(...)
	/root/go/pkg/mod/github.com/gin-gonic/gin@v1.7.7/context.go:168
github.com/gin-gonic/gin.CustomRecoveryWithWriter.func1(0x40000d3100)
	/root/go/pkg/mod/github.com/gin-gonic/gin@v1.7.7/recovery.go:99 +0x78
github.com/gin-gonic/gin.(*Context).Next(...)
	/root/go/pkg/mod/github.com/gin-gonic/gin@v1.7.7/context.go:168
github.com/gin-gonic/gin.LoggerWithConfig.func1(0x40000d3100)
	/root/go/pkg/mod/github.com/gin-gonic/gin@v1.7.7/logger.go:241 +0xb0
github.com/gin-gonic/gin.(*Context).Next(...)
	/root/go/pkg/mod/github.com/gin-gonic/gin@v1.7.7/context.go:168
github.com/gin-gonic/gin.(*Engine).handleHTTPRequest(0x40001d04e0, 0x40000d3100)
	/root/go/pkg/mod/github.com/gin-gonic/gin@v1.7.7/gin.go:555 +0x514
github.com/gin-gonic/gin.(*Engine).ServeHTTP(0x40001d04e0, {0x874510, 0x40000d80e0}, 0x4000243cc0)
	/root/go/pkg/mod/github.com/gin-gonic/gin@v1.7.7/gin.go:511 +0x16c
net/http.serverHandler.ServeHTTP({0x40000f9bc0?}, {0x874510?, 0x40000d80e0?}, 0x1?)
	/usr/local/go/src/net/http/server.go:3301 +0xbc
net/http.(*conn).serve(0x400022c630, {0x875950, 0x40000f9ad0})
	/usr/local/go/src/net/http/server.go:2102 +0x52c
created by net/http.(*Server).Serve in goroutine 1
	/usr/local/go/src/net/http/server.go:3454 +0x3d8

=========================end=========================
=========================2026-03-11 17:01:06 ========================= 
reflect: Call using bind.ReqTest as type *bind.ReqTest
goroutine 37 [running]:
runtime/debug.Stack()
	/usr/local/go/src/runtime/debug/stack.go:26 +0x64
github.com/xxjwxc/public/mylog.(*errDeal).SaveError(0x40003174c0, {0x400001a280, 0x36}, {0x751f3a, 0x3})
	/root/go/pkg/mod/github.com/yichouchou/public@v0.0.0-20220119031239-572eeffef718/mylog/common.go:38 +0x204
github.com/xxjwxc/public/mylog.(*stdLog).Error(0x40003174c0, {0x40002d4850, 0x1, 0x1})
	/root/go/pkg/mod/github.com/yichouchou/public@v0.0.0-20220119031239-572eeffef718/mylog/std.go:38 +0xfc
github.com/xxjwxc/public/mylog.Error(...)
	/root/go/pkg/mod/github.com/yichouchou/public@v0.0.0-20220119031239-572eeffef718/mylog/mylog.go:45
github.com/yichouchou/ginPlus/annotation.New.func1({0x656040, 0x40002d4840})
	/root/usr/go-project/gin_plus/annotation/ProcessAnnot.go:117 +0x80
github.com/yichouchou/ginPlus/annotation.(*BaseGin).registerHandlerObjTemp.(*BaseGin).handlerFuncObjTemp.func1.1()
	/root/usr/go-project/gin_plus/annotation/ProcessAnnot.go:994 +0x40
panic({0x656040?, 0x40002d4840?})
	/usr/local/go/src/runtime/panic.go:787 +0x124
reflect.Value.call({0x40001aaf60?, 0x4000194f68?, 0x4000175528?}, {0x7521c5, 0x4}, {0x40000a0300, 0x3, 0x5a0f00?})
	/usr/local/go/src/reflect/value.go:437 +0x1520
reflect.Value.Call({0x40001aaf60?, 0x4000194f68?, 0x40001d2280?}, {0x40000a0300?, 0x74d5e0?, 0x2c30c?})
	/usr/local/go/src/reflect/value.go:365 +0x94
github.com/yichouchou/ginPlus/annotation.(*BaseGin).registerHandlerObjTemp.(*BaseGin).handlerFuncObjTemp.func1(0x4000204000)
	/root/usr/go-project/gin_plus/annotation/ProcessAnnot.go:1254 +0x12c0
github.com/gin-gonic/gin.(*Context).Next(...)
	/root/go/pkg/mod/github.com/gin-gonic/gin@v1.7.7/context.go:168
github.com/gin-gonic/gin.CustomRecoveryWithWriter.func1(0x4000204000)
	/root/go/pkg/mod/github.com/gin-gonic/gin@v1.7.7/recovery.go:99 +0x78
github.com/gin-gonic/gin.(*Context).Next(...)
	/root/go/pkg/mod/github.com/gin-gonic/gin@v1.7.7/context.go:168
github.com/gin-gonic/gin.LoggerWithConfig.func1(0x4000204000)
	/root/go/pkg/mod/github.com/gin-gonic/gin@v1.7.7/logger.go:241 +0xb0
github.com/gin-gonic/gin.(*Context).Next(...)
	/root/go/pkg/mod/github.com/gin-gonic/gin@v1.7.7/context.go:168
github.com/gin-gonic/gin.(*Engine).handleHTTPRequest(0x40001d04e0, 0x4000204000)
	/root/go/pkg/mod/github.com/gin-gonic/gin@v1.7.7/gin.go:555 +0x514
github.com/gin-gonic/gin.(*Engine).ServeHTTP(0x40001d04e0, {0x874510, 0x4000200000}, 0x40002a43c0)
	/root/go/pkg/mod/github.com/gin-gonic/gin@v1.7.7/gin.go:511 +0x16c
net/http.serverHandler.ServeHTTP({0x8720a0?}, {0x874510?, 0x4000200000?}, 0x1?)
	/usr/local/go/src/net/http/server.go:3301 +0xbc
net/http.(*conn).serve(0x400007e000, {0x875950, 0x40000f9ad0})
	/usr/local/go/src/net/http/server.go:2102 +0x52c
created by net/http.(*Server).Serve in goroutine 1
	/usr/local/go/src/net/http/server.go:3454 +0x3d8

=========================end=========================
=========================2026-03-11 17:04:10 ========================= 
reflect: Call using zero Value argument
goroutine 36 [running]:
runtime/debug.Stack()
	/usr/local/go/src/runtime/debug/stack.go:26 +0x64
github.com/xxjwxc/public/mylog.(*errDeal).SaveError(0x400027d4e0, {0x4000325f80, 0x27}, {0x751f3a, 0x3})
	/root/go/pkg/mod/github.com/yichouchou/public@v0.0.0-20220119031239-572eeffef718/mylog/common.go:38 +0x204
github.com/xxjwxc/public/mylog.(*stdLog).Error(0x400027d4e0, {0x400023bc80, 0x1, 0x1})
	/root/go/pkg/mod/github.com/yichouchou/public@v0.0.0-20220119031239-572eeffef718/mylog/std.go:38 +0xfc
github.com/xxjwxc/public/mylog.Error(...)
	/root/go/pkg/mod/github.com/yichouchou/public@v0.0.0-20220119031239-572eeffef718/mylog/mylog.go:45
github.com/yichouchou/ginPlus/annotation.New.func1({0x656040, 0x400023bc70})
	/root/usr/go-project/gin_plus/annotation/ProcessAnnot.go:117 +0x80
github.com/yichouchou/ginPlus/annotation.(*BaseGin).registerHandlerObjTemp.(*BaseGin).handlerFuncObjTemp.func1.1()
	/root/usr/go-project/gin_plus/annotation/ProcessAnnot.go:994 +0x40
panic({0x656040?, 0x400023bc70?})
	/usr/local/go/src/runtime/panic.go:787 +0x124
reflect.Value.call({0x4000922b00?, 0x400006ef60?, 0x40000f5528?}, {0x7521c5, 0x4}, {0x40001680c0, 0x6, 0x5a2498?})
	/usr/local/go/src/reflect/value.go:432 +0x156c
reflect.Value.Call({0x4000922b00?, 0x400006ef60?, 0x40000f5770?}, {0x40001680c0?, 0x74d5e0?, 0x753a0a?})
	/usr/local/go/src/reflect/value.go:365 +0x94
github.com/yichouchou/ginPlus/annotation.(*BaseGin).registerHandlerObjTemp.(*BaseGin).handlerFuncObjTemp.func1(0x400012f100)
	/root/usr/go-project/gin_plus/annotation/ProcessAnnot.go:1387 +0x26c0
github.com/gin-gonic/gin.(*Context).Next(...)
	/root/go/pkg/mod/github.com/gin-gonic/gin@v1.7.7/context.go:168
github.com/gin-gonic/gin.CustomRecoveryWithWriter.func1(0x400012f100)
	/root/go/pkg/mod/github.com/gin-gonic/gin@v1.7.7/recovery.go:99 +0x78
github.com/gin-gonic/gin.(*Context).Next(...)
	/root/go/pkg/mod/github.com/gin-gonic/gin@v1.7.7/context.go:168
github.com/gin-gonic/gin.LoggerWithConfig.func1(0x400012f100)
	/root/go/pkg/mod/github.com/gin-gonic/gin@v1.7.7/logger.go:241 +0xb0
github.com/gin-gonic/gin.(*Context).Next(...)
	/root/go/pkg/mod/github.com/gin-gonic/gin@v1.7.7/context.go:168
github.com/gin-gonic/gin.(*Engine).handleHTTPRequest(0x40000d24e0, 0x400012f100)
	/root/go/pkg/mod/github.com/gin-gonic/gin@v1.7.7/gin.go:555 +0x514
github.com/gin-gonic/gin.(*Engine).ServeHTTP(0x40000d24e0, {0x874510, 0x40001360e0}, 0x40001b5cc0)
	/root/go/pkg/mod/github.com/gin-gonic/gin@v1.7.7/gin.go:511 +0x16c
net/http.serverHandler.ServeHTTP({0x4000159bc0?}, {0x874510?, 0x40001360e0?}, 0x1?)
	/usr/local/go/src/net/http/server.go:3301 +0xbc
net/http.(*conn).serve(0x400019e630, {0x875950, 0x4000159ad0})
	/usr/local/go/src/net/http/server.go:2102 +0x52c
created by net/http.(*Server).Serve in goroutine 1
	/usr/local/go/src/net/http/server.go:3454 +0x3d8

=========================end=========================
=========================2026-03-11 17:04:10 ========================= 
reflect: Call using bind.ReqTest as type *bind.ReqTest
goroutine 19 [running]:
runtime/debug.Stack()
	/usr/local/go/src/runtime/debug/stack.go:26 +0x64
github.com/xxjwxc/public/mylog.(*errDeal).SaveError(0x400027d4e0, {0x40000c8280, 0x36}, {0x751f3a, 0x3})
	/root/go/pkg/mod/github.com/yichouchou/public@v0.0.0-20220119031239-572eeffef718/mylog/common.go:38 +0x204
github.com/xxjwxc/public/mylog.(*stdLog).Error(0x400027d4e0, {0x40000fa800, 0x1, 0x1})
	/root/go/pkg/mod/github.com/yichouchou/public@v0.0.0-20220119031239-572eeffef718/mylog/std.go:38 +0xfc
github.com/xxjwxc/public/mylog.Error(...)
	/root/go/pkg/mod/github.com/yichouchou/public@v0.0.0-20220119031239-572eeffef718/mylog/mylog.go:45
github.com/yichouchou/ginPlus/annotation.New.func1({0x656040, 0x40000fa7f0})
	/root/usr/go-project/gin_plus/annotation/ProcessAnnot.go:117 +0x80
github.com/yichouchou/ginPlus/annotation.(*BaseGin).registerHandlerObjTemp.(*BaseGin).handlerFuncObjTemp.func1.1()
	/root/usr/go-project/gin_plus/annotation/ProcessAnnot.go:994 +0x40
panic({0x656040?, 0x40000fa7f0?})
	/usr/local/go/src/runtime/panic.go:787 +0x124
reflect.Value.call({0x4000110900?, 0x400006ef70?, 0x40000f1528?}, {0x7521c5, 0x4}, {0x40001ec1e0, 0x3, 0x5a0f1c?})
	/usr/local/go/src/reflect/value.go:437 +0x1520
reflect.Value.Call({0x4000110900?, 0x400006ef70?, 0x4000114280?}, {0x40001ec1e0?, 0x74d5e0?, 0x2c30c?})
	/usr/local/go/src/reflect/value.go:365 +0x94
github.com/yichouchou/ginPlus/annotation.(*BaseGin).registerHandlerObjTemp.(*BaseGin).handlerFuncObjTemp.func1(0x40001e8000)
	/root/usr/go-project/gin_plus/annotation/ProcessAnnot.go:1255 +0x12f8
github.com/gin-gonic/gin.(*Context).Next(...)
	/root/go/pkg/mod/github.com/gin-gonic/gin@v1.7.7/context.go:168
github.com/gin-gonic/gin.CustomRecoveryWithWriter.func1(0x40001e8000)
	/root/go/pkg/mod/github.com/gin-gonic/gin@v1.7.7/recovery.go:99 +0x78
github.com/gin-gonic/gin.(*Context).Next(...)
	/root/go/pkg/mod/github.com/gin-gonic/gin@v1.7.7/context.go:168
github.com/gin-gonic/gin.LoggerWithConfig.func1(0x40001e8000)
	/root/go/pkg/mod/github.com/gin-gonic/gin@v1.7.7/logger.go:241 +0xb0
github.com/gin-gonic/gin.(*Context).Next(...)
	/root/go/pkg/mod/github.com/gin-gonic/gin@v1.7.7/context.go:168
github.com/gin-gonic/gin.(*Engine).handleHTTPRequest(0x40000d24e0, 0x40001e8000)
	/root/go/pkg/mod/github.com/gin-gonic/gin@v1.7.7/gin.go:555 +0x514
github.com/gin-gonic/gin.(*Engine).ServeHTTP(0x40000d24e0, {0x874510, 0x40001e4000}, 0x400020a3c0)
	/root/go/pkg/mod/github.com/gin-gonic/gin@v1.7.7/gin.go:511 +0x16c
net/http.serverHandler.ServeHTTP({0x8720a0?}, {0x874510?, 0x40001e4000?}, 0x1?)
	/usr/local/go/src/net/http/server.go:3301 +0xbc
net/http.(*conn).serve(0x40000dc000, {0x875950, 0x4000159ad0})
	/usr/local/go/src/net/http/server.go:2102 +0x52c
created by net/http.(*Server).Serve in goroutine 1
	/usr/local/go/src/net/http/server.go:3454 +0x3d8

=========================end=========================
=========================2026-03-11 17:15:41 ========================= 
reflect: Call using zero Value argument
goroutine 22 [running]:
runtime/debug.Stack()
	/usr/local/go/src/runtime/debug/stack.go:26 +0x64
github.com/xxjwxc/public/mylog.(*errDeal).SaveError(0x40002974c0, {0x4000345f20, 0x27}, {0x751f3a, 0x3})
	/root/go/pkg/mod/github.com/yichouchou/public@v0.0.0-20220119031239-572eeffef718/mylog/common.go:38 +0x204
github.com/xxjwxc/public/mylog.(*stdLog).Error(0x40002974c0, {0x400010ba10, 0x1, 0x1})
	/root/go/pkg/mod/github.com/yichouchou/public@v0.0.0-20220119031239-572eeffef718/mylog/std.go:38 +0xfc
github.com/xxjwxc/public/mylog.Error(...)
	/root/go/pkg/mod/github.com/yichouchou/public@v0.0.0-20220119031239-572eeffef718/mylog/mylog.go:45
github.com/yichouchou/ginPlus/annotation.New.func1({0x656040, 0x400010ba00})
	/root/usr/go-project/gin_plus/annotation/ProcessAnnot.go:117 +0x80
github.com/yichouchou/ginPlus/annotation.(*BaseGin).registerHandlerObjTemp.(*BaseGin).handlerFuncObjTemp.func1.1()
	/root/usr/go-project/gin_plus/annotation/ProcessAnnot.go:994 +0x40
panic({0x656040?, 0x400010ba00?})
	/usr/local/go/src/runtime/panic.go:787 +0x124
reflect.Value.call({0x400007eb00?, 0x4000102f60?, 0x4000177528?}, {0x7521c5, 0x4}, {0x400014c0c0, 0x6, 0x5a2498?})
	/usr/local/go/src/reflect/value.go:432 +0x156c
reflect.Value.Call({0x400007eb00?, 0x4000102f60?, 0x4000177770?}, {0x400014c0c0?, 0x74d5e0?, 0x753a0a?})
	/usr/local/go/src/reflect/value.go:365 +0x94
github.com/yichouchou/ginPlus/annotation.(*BaseGin).registerHandlerObjTemp.(*BaseGin).handlerFuncObjTemp.func1(0x400001b100)
	/root/usr/go-project/gin_plus/annotation/ProcessAnnot.go:1387 +0x26c0
github.com/gin-gonic/gin.(*Context).Next(...)
	/root/go/pkg/mod/github.com/gin-gonic/gin@v1.7.7/context.go:168
github.com/gin-gonic/gin.CustomRecoveryWithWriter.func1(0x400001b100)
	/root/go/pkg/mod/github.com/gin-gonic/gin@v1.7.7/recovery.go:99 +0x78
github.com/gin-gonic/gin.(*Context).Next(...)
	/root/go/pkg/mod/github.com/gin-gonic/gin@v1.7.7/context.go:168
github.com/gin-gonic/gin.LoggerWithConfig.func1(0x400001b100)
	/root/go/pkg/mod/github.com/gin-gonic/gin@v1.7.7/logger.go:241 +0xb0
github.com/gin-gonic/gin.(*Context).Next(...)
	/root/go/pkg/mod/github.com/gin-gonic/gin@v1.7.7/context.go:168
github.com/gin-gonic/gin.(*Engine).handleHTTPRequest(0x40001424e0, 0x400001b100)
	/root/go/pkg/mod/github.com/gin-gonic/gin@v1.7.7/gin.go:555 +0x514
github.com/gin-gonic/gin.(*Engine).ServeHTTP(0x40001424e0, {0x874510, 0x400006e0e0}, 0x40001b7cc0)
	/root/go/pkg/mod/github.com/gin-gonic/gin@v1.7.7/gin.go:511 +0x16c
net/http.serverHandler.ServeHTTP({0x40000f9bc0?}, {0x874510?, 0x400006e0e0?}, 0x1?)
	/usr/local/go/src/net/http/server.go:3301 +0xbc
net/http.(*conn).serve(0x40001a0630, {0x875950, 0x40000f9ad0})
	/usr/local/go/src/net/http/server.go:2102 +0x52c
created by net/http.(*Server).Serve in goroutine 1
	/usr/local/go/src/net/http/server.go:3454 +0x3d8

=========================end=========================
=========================2026-03-11 17:15:41 ========================= 
reflect: Call using bind.ReqTest as type *bind.ReqTest
goroutine 24 [running]:
runtime/debug.Stack()
	/usr/local/go/src/runtime/debug/stack.go:26 +0x64
github.com/xxjwxc/public/mylog.(*errDeal).SaveError(0x40002974c0, {0x400015a740, 0x36}, {0x751f3a, 0x3})
	/root/go/pkg/mod/github.com/yichouchou/public@v0.0.0-20220119031239-572eeffef718/mylog/common.go:38 +0x204
github.com/xxjwxc/public/mylog.(*stdLog).Error(0x40002974c0, {0x400010bbc0, 0x1, 0x1})
	/root/go/pkg/mod/github.com/yichouchou/public@v0.0.0-20220119031239-572eeffef718/mylog/std.go:38 +0xfc
github.com/xxjwxc/public/mylog.Error(...)
	/root/go/pkg/mod/github.com/yichouchou/public@v0.0.0-20220119031239-572eeffef718/mylog/mylog.go:45
github.com/yichouchou/ginPlus/annotation.New.func1({0x656040, 0x400010bbb0})
	/root/usr/go-project/gin_plus/annotation/ProcessAnnot.go:117 +0x80
github.com/yichouchou/ginPlus/annotation.(*BaseGin).registerHandlerObjTemp.(*BaseGin).handlerFuncObjTemp.func1.1()
	/root/usr/go-project/gin_plus/annotation/ProcessAnnot.go:994 +0x40
panic({0x656040?, 0x400010bbb0?})
	/usr/local/go/src/runtime/panic.go:787 +0x124
reflect.Value.call({0x400011afc0?, 0x4000102f70?, 0x4000173528?}, {0x7521c5, 0x4}, {0x40000b7c80, 0x3, 0x5a0f1c?})
	/usr/local/go/src/reflect/value.go:437 +0x1520
reflect.Value.Call({0x400011afc0?, 0x4000102f70?, 0x4000265e80?}, {0x40000b7c80?, 0x74d5e0?, 0x100a?})
	/usr/local/go/src/reflect/value.go:365 +0x94
github.com/yichouchou/ginPlus/annotation.(*BaseGin).registerHandlerObjTemp.(*BaseGin).handlerFuncObjTemp.func1(0x400001b100)
	/root/usr/go-project/gin_plus/annotation/ProcessAnnot.go:1255 +0x12f8
github.com/gin-gonic/gin.(*Context).Next(...)
	/root/go/pkg/mod/github.com/gin-gonic/gin@v1.7.7/context.go:168
github.com/gin-gonic/gin.CustomRecoveryWithWriter.func1(0x400001b100)
	/root/go/pkg/mod/github.com/gin-gonic/gin@v1.7.7/recovery.go:99 +0x78
github.com/gin-gonic/gin.(*Context).Next(...)
	/root/go/pkg/mod/github.com/gin-gonic/gin@v1.7.7/context.go:168
github.com/gin-gonic/gin.LoggerWithConfig.func1(0x400001b100)
	/root/go/pkg/mod/github.com/gin-gonic/gin@v1.7.7/logger.go:241 +0xb0
github.com/gin-gonic/gin.(*Context).Next(...)
	/root/go/pkg/mod/github.com/gin-gonic/gin@v1.7.7/context.go:168
github.com/gin-gonic/gin.(*Engine).handleHTTPRequest(0x40001424e0, 0x400001b100)
	/root/go/pkg/mod/github.com/gin-gonic/gin@v1.7.7/gin.go:555 +0x514
github.com/gin-gonic/gin.(*Engine).ServeHTTP(0x40001424e0, {0x874510, 0x400006e1c0}, 0x400019c000)
	/root/go/pkg/mod/github.com/gin-gonic/gin@v1.7.7/gin.go:511 +0x16c
net/http.serverHandler.ServeHTTP({0x8720a0?}, {0x874510?, 0x400006e1c0?}, 0x1?)
	/usr/local/go/src/net/http/server.go:3301 +0xbc
net/http.(*conn).serve(0x40001a0990, {0x875950, 0x40000f9ad0})
	/usr/local/go/src/net/http/server.go:2102 +0x52c
created by net/http.(*Server).Serve in goroutine 1
	/usr/local/go/src/net/http/server.go:3454 +0x3d8

=========================end=========================
=========================2026-03-11 17:32:37 ========================= 
reflect: Call using zero Value argument
goroutine 9 [running]:
runtime/debug.Stack()
	/usr/local/go/src/runtime/debug/stack.go:26 +0x64
github.com/xxjwxc/public/mylog.(*errDeal).SaveError(0x400027d4e0, {0x4000325f80, 0x27}, {0x751f3a, 0x3})
	/root/go/pkg/mod/github.com/yichouchou/public@v0.0.0-20220119031239-572eeffef718/mylog/common.go:38 +0x204
github.com/xxjwxc/public/mylog.(*stdLog).Error(0x400027d4e0, {0x400023bcc0, 0x1, 0x1})
	/root/go/pkg/mod/github.com/yichouchou/public@v0.0.0-20220119031239-572eeffef718/mylog/std.go:38 +0xfc
github.com/xxjwxc/public/mylog.Error(...)
	/root/go/pkg/mod/github.com/yichouchou/public@v0.0.0-20220119031239-572eeffef718/mylog/mylog.go:45
github.com/yichouchou/ginPlus/annotation.New.func1({0x656040, 0x400023bcb0})
	/root/usr/go-project/gin_plus/annotation/ProcessAnnot.go:117 +0x80
github.com/yichouchou/ginPlus/annotation.(*BaseGin).registerHandlerObjTemp.(*BaseGin).handlerFuncObjTemp.func1.1()
	/root/usr/go-project/gin_plus/annotation/ProcessAnnot.go:994 +0x40
panic({0x656040?, 0x400023bcb0?})
	/usr/local/go/src/runtime/panic.go:787 +0x124
reflect.Value.call({0x400011eb00?, 0x400006ef60?, 0x4000173528?}, {0x7521c5, 0x4}, {0x40001140c0, 0x6, 0x5a22d8?})
	/usr/local/go/src/reflect/value.go:432 +0x156c
reflect.Value.Call({0x400011eb00?, 0x400006ef60?, 0x4000173770?}, {0x40001140c0?, 0x74d5e0?, 0x753a0a?})
	/usr/local/go/src/reflect/value.go:365 +0x94
github.com/yichouchou/ginPlus/annotation.(*BaseGin).registerHandlerObjTemp.(*BaseGin).handlerFuncObjTemp.func1(0x400035b100)
	/root/usr/go-project/gin_plus/annotation/ProcessAnnot.go:1368 +0x2500
github.com/gin-gonic/gin.(*Context).Next(...)
	/root/go/pkg/mod/github.com/gin-gonic/gin@v1.7.7/context.go:168
github.com/gin-gonic/gin.CustomRecoveryWithWriter.func1(0x400035b100)
	/root/go/pkg/mod/github.com/gin-gonic/gin@v1.7.7/recovery.go:99 +0x78
github.com/gin-gonic/gin.(*Context).Next(...)
	/root/go/pkg/mod/github.com/gin-gonic/gin@v1.7.7/context.go:168
github.com/gin-gonic/gin.LoggerWithConfig.func1(0x400035b100)
	/root/go/pkg/mod/github.com/gin-gonic/gin@v1.7.7/logger.go:241 +0xb0
github.com/gin-gonic/gin.(*Context).Next(...)
	/root/go/pkg/mod/github.com/gin-gonic/gin@v1.7.7/context.go:168
github.com/gin-gonic/gin.(*Engine).handleHTTPRequest(0x40000d24e0, 0x400035b100)
	/root/go/pkg/mod/github.com/gin-gonic/gin@v1.7.7/gin.go:555 +0x514
github.com/gin-gonic/gin.(*Engine).ServeHTTP(0x40000d24e0, {0x8744b0, 0x40003620e0}, 0x40001b5cc0)
	/root/go/pkg/mod/github.com/gin-gonic/gin@v1.7.7/gin.go:511 +0x16c
net/http.serverHandler.ServeHTTP({0x40000d9bc0?}, {0x8744b0?, 0x40003620e0?}, 0x1?)
	/usr/local/go/src/net/http/server.go:3301 +0xbc
net/http.(*conn).serve(0x400019e630, {0x8758f0, 0x40000d9ad0})
	/usr/local/go/src/net/http/server.go:2102 +0x52c
created by net/http.(*Server).Serve in goroutine 1
	/usr/local/go/src/net/http/server.go:3454 +0x3d8

=========================end=========================
=========================2026-03-11 17:33:00 ========================= 
reflect: Call using zero Value argument
goroutine 20 [running]:
runtime/debug.Stack()
	/usr/local/go/src/runtime/debug/stack.go:26 +0x64
github.com/xxjwxc/public/mylog.(*errDeal).SaveError(0x400027d4e0, {0x40002be0f0, 0x27}, {0x751f3a, 0x3})
	/root/go/pkg/mod/github.com/yichouchou/public@v0.0.0-20220119031239-572eeffef718/mylog/common.go:38 +0x204
github.com/xxjwxc/public/mylog.(*stdLog).Error(0x400027d4e0, {0x40002600f0, 0x1, 0x1})
	/root/go/pkg/mod/github.com/yichouchou/public@v0.0.0-20220119031239-572eeffef718/mylog/std.go:38 +0xfc
github.com/xxjwxc/public/mylog.Error(...)
	/root/go/pkg/mod/github.com/yichouchou/public@v0.0.0-20220119031239-572eeffef718/mylog/mylog.go:45
github.com/yichouchou/ginPlus/annotation.New.func1({0x656040, 0x40002600e0})
	/root/usr/go-project/gin_plus/annotation/ProcessAnnot.go:117 +0x80
github.com/yichouchou/ginPlus/annotation.(*BaseGin).registerHandlerObjTemp.(*BaseGin).handlerFuncObjTemp.func1.1()
	/root/usr/go-project/gin_plus/annotation/ProcessAnnot.go:994 +0x40
panic({0x656040?, 0x40002600e0?})
	/usr/local/go/src/runtime/panic.go:787 +0x124
reflect.Value.call({0x400011eb00?, 0x400006ef60?, 0x400016f528?}, {0x7521c5, 0x4}, {0x40002ba000, 0x6, 0x5a22d8?})
	/usr/local/go/src/reflect/value.go:432 +0x156c
reflect.Value.Call({0x400011eb00?, 0x400006ef60?, 0x400025d770?}, {0x40002ba000?, 0x74d5e0?, 0x2ff0a?})
	/usr/local/go/src/reflect/value.go:365 +0x94
github.com/yichouchou/ginPlus/annotation.(*BaseGin).registerHandlerObjTemp.(*BaseGin).handlerFuncObjTemp.func1(0x40002a2000)
	/root/usr/go-project/gin_plus/annotation/ProcessAnnot.go:1368 +0x2500
github.com/gin-gonic/gin.(*Context).Next(...)
	/root/go/pkg/mod/github.com/gin-gonic/gin@v1.7.7/context.go:168
github.com/gin-gonic/gin.CustomRecoveryWithWriter.func1(0x40002a2000)
	/root/go/pkg/mod/github.com/gin-gonic/gin@v1.7.7/recovery.go:99 +0x78
github.com/gin-gonic/gin.(*Context).Next(...)
	/root/go/pkg/mod/github.com/gin-gonic/gin@v1.7.7/context.go:168
github.com/gin-gonic/gin.LoggerWithConfig.func1(0x40002a2000)
	/root/go/pkg/mod/github.com/gin-gonic/gin@v1.7.7/logger.go:241 +0xb0
github.com/gin-gonic/gin.(*Context).Next(...)
	/root/go/pkg/mod/github.com/gin-gonic/gin@v1.7.7/context.go:168
github.com/gin-gonic/gin.(*Engine).handleHTTPRequest(0x40000d24e0, 0x40002a2000)
	/root/go/pkg/mod/github.com/gin-gonic/gin@v1.7.7/gin.go:555 +0x514
github.com/gin-gonic/gin.(*Engine).ServeHTTP(0x40000d24e0, {0x8744b0, 0x400028a000}, 0x400020a3c0)
	/root/go/pkg/mod/github.com/gin-gonic/gin@v1.7.7/gin.go:511 +0x16c
net/http.serverHandler.ServeHTTP({0x4000244090?}, {0x8744b0?, 0x400028a000?}, 0x1?)
	/usr/local/go/src/net/http/server.go:3301 +0xbc
net/http.(*conn).serve(0x4000252000, {0x8758f0, 0x40000d9ad0})
	/usr/local/go/src/net/http/server.go:2102 +0x52c
created by net/http.(*Server).Serve in goroutine 1
	/usr/local/go/src/net/http/server.go:3454 +0x3d8

=========================end=========================
=========================2026-03-11 17:34:00 ========================= 
reflect: Call using zero Value argument
goroutine 24 [running]:
runtime/debug.Stack()
	/usr/local/go/src/runtime/debug/stack.go:26 +0x64
github.com/xxjwxc/public/mylog.(*errDeal).SaveError(0x400029f4c0, {0x400034ff20, 0x27}, {0x751f3a, 0x3})
	/root/go/pkg/mod/github.com/yichouchou/public@v0.0.0-20220119031239-572eeffef718/mylog/common.go:38 +0x204
github.com/xxjwxc/public/mylog.(*stdLog).Error(0x400029f4c0, {0x4000125a70, 0x1, 0x1})
	/root/go/pkg/mod/github.com/yichouchou/public@v0.0.0-20220119031239-572eeffef718/mylog/std.go:38 +0xfc
github.com/xxjwxc/public/mylog.Error(...)
	/root/go/pkg/mod/github.com/yichouchou/public@v0.0.0-20220119031239-572eeffef718/mylog/mylog.go:45
github.com/yichouchou/ginPlus/annotation.New.func1({0x656040, 0x4000125a60})
	/root/usr/go-project/gin_plus/annotation/ProcessAnnot.go:117 +0x80
github.com/yichouchou/ginPlus/annotation.(*BaseGin).registerHandlerObjTemp.(*BaseGin).handlerFuncObjTemp.func1.1()
	/root/usr/go-project/gin_plus/annotation/ProcessAnnot.go:994 +0x40
panic({0x656040?, 0x4000125a60?})
	/usr/local/go/src/runtime/panic.go:787 +0x124
reflect.Value.call({0x40002ceb00?, 0x400011cf60?, 0x40001fb528?}, {0x7521c5, 0x4}, {0x400017c0c0, 0x6, 0x5a22d8?})
	/usr/local/go/src/reflect/value.go:432 +0x156c
reflect.Value.Call({0x40002ceb00?, 0x400011cf60?, 0x40001fb770?}, {0x400017c0c0?, 0x74d5e0?, 0x753a0a?})
	/usr/local/go/src/reflect/value.go:365 +0x94
github.com/yichouchou/ginPlus/annotation.(*BaseGin).registerHandlerObjTemp.(*BaseGin).handlerFuncObjTemp.func1(0x400037f100)
	/root/usr/go-project/gin_plus/annotation/ProcessAnnot.go:1368 +0x2500
github.com/gin-gonic/gin.(*Context).Next(...)
	/root/go/pkg/mod/github.com/gin-gonic/gin@v1.7.7/context.go:168
github.com/gin-gonic/gin.CustomRecoveryWithWriter.func1(0x400037f100)
	/root/go/pkg/mod/github.com/gin-gonic/gin@v1.7.7/recovery.go:99 +0x78
github.com/gin-gonic/gin.(*Context).Next(...)
	/root/go/pkg/mod/github.com/gin-gonic/gin@v1.7.7/context.go:168
github.com/gin-gonic/gin.LoggerWithConfig.func1(0x400037f100)
	/root/go/pkg/mod/github.com/gin-gonic/gin@v1.7.7/logger.go:241 +0xb0
github.com/gin-gonic/gin.(*Context).Next(...)
	/root/go/pkg/mod/github.com/gin-gonic/gin@v1.7.7/context.go:168
github.com/gin-gonic/gin.(*Engine).handleHTTPRequest(0x40001584e0, 0x400037f100)
	/root/go/pkg/mod/github.com/gin-gonic/gin@v1.7.7/gin.go:555 +0x514
github.com/gin-gonic/gin.(*Engine).ServeHTTP(0x40001584e0, {0x8744b0, 0x40000160e0}, 0x40001cbcc0)
	/root/go/pkg/mod/github.com/gin-gonic/gin@v1.7.7/gin.go:511 +0x16c
net/http.serverHandler.ServeHTTP({0x400016dbc0?}, {0x8744b0?, 0x40000160e0?}, 0x1?)
	/usr/local/go/src/net/http/server.go:3301 +0xbc
net/http.(*conn).serve(0x40001b4630, {0x8758f0, 0x400016dad0})
	/usr/local/go/src/net/http/server.go:2102 +0x52c
created by net/http.(*Server).Serve in goroutine 1
	/usr/local/go/src/net/http/server.go:3454 +0x3d8

=========================end=========================
=========================2026-03-11 17:39:49 ========================= 
reflect: Call using zero Value argument
goroutine 37 [running]:
runtime/debug.Stack()
	/usr/local/go/src/runtime/debug/stack.go:26 +0x64
github.com/xxjwxc/public/mylog.(*errDeal).SaveError(0x40003801a0, {0x4000305f80, 0x27}, {0x751f3a, 0x3})
	/root/go/pkg/mod/github.com/yichouchou/public@v0.0.0-20220119031239-572eeffef718/mylog/common.go:38 +0x204
github.com/xxjwxc/public/mylog.(*stdLog).Error(0x40003801a0, {0x4000033a60, 0x1, 0x1})
	/root/go/pkg/mod/github.com/yichouchou/public@v0.0.0-20220119031239-572eeffef718/mylog/std.go:38 +0xfc
github.com/xxjwxc/public/mylog.Error(...)
	/root/go/pkg/mod/github.com/yichouchou/public@v0.0.0-20220119031239-572eeffef718/mylog/mylog.go:45
github.com/yichouchou/ginPlus/annotation.New.func1({0x656040, 0x4000033a40})
	/root/usr/go-project/gin_plus/annotation/ProcessAnnot.go:117 +0x80
github.com/yichouchou/ginPlus/annotation.(*BaseGin).registerHandlerObjTemp.(*BaseGin).handlerFuncObjTemp.func1.1()
	/root/usr/go-project/gin_plus/annotation/ProcessAnnot.go:994 +0x40
panic({0x656040?, 0x4000033a40?})
	/usr/local/go/src/runtime/panic.go:787 +0x124
reflect.Value.call({0x40000bab00?, 0x400006ef50?, 0x4000235528?}, {0x7521c5, 0x4}, {0x40001780c0, 0x6, 0x5a22d8?})
	/usr/local/go/src/reflect/value.go:432 +0x156c
reflect.Value.Call({0x40000bab00?, 0x400006ef50?, 0x4000235770?}, {0x40001780c0?, 0x74d5e0?, 0x753a0a?})
	/usr/local/go/src/reflect/value.go:365 +0x94
github.com/yichouchou/ginPlus/annotation.(*BaseGin).registerHandlerObjTemp.(*BaseGin).handlerFuncObjTemp.func1(0x40000b1100)
	/root/usr/go-project/gin_plus/annotation/ProcessAnnot.go:1368 +0x2500
github.com/gin-gonic/gin.(*Context).Next(...)
	/root/go/pkg/mod/github.com/gin-gonic/gin@v1.7.7/context.go:168
github.com/gin-gonic/gin.CustomRecoveryWithWriter.func1(0x40000b1100)
	/root/go/pkg/mod/github.com/gin-gonic/gin@v1.7.7/recovery.go:99 +0x78
github.com/gin-gonic/gin.(*Context).Next(...)
	/root/go/pkg/mod/github.com/gin-gonic/gin@v1.7.7/context.go:168
github.com/gin-gonic/gin.LoggerWithConfig.func1(0x40000b1100)
	/root/go/pkg/mod/github.com/gin-gonic/gin@v1.7.7/logger.go:241 +0xb0
github.com/gin-gonic/gin.(*Context).Next(...)
	/root/go/pkg/mod/github.com/gin-gonic/gin@v1.7.7/context.go:168
github.com/gin-gonic/gin.(*Engine).handleHTTPRequest(0x40001324e0, 0x40000b1100)
	/root/go/pkg/mod/github.com/gin-gonic/gin@v1.7.7/gin.go:555 +0x514
github.com/gin-gonic/gin.(*Engine).ServeHTTP(0x40001324e0, {0x8744b0, 0x40000e80e0}, 0x4000195cc0)
	/root/go/pkg/mod/github.com/gin-gonic/gin@v1.7.7/gin.go:511 +0x16c
net/http.serverHandler.ServeHTTP({0x400013dbc0?}, {0x8744b0?, 0x40000e80e0?}, 0x1?)
	/usr/local/go/src/net/http/server.go:3301 +0xbc
net/http.(*conn).serve(0x400017e630, {0x8758f0, 0x400013dad0})
	/usr/local/go/src/net/http/server.go:2102 +0x52c
created by net/http.(*Server).Serve in goroutine 1
	/usr/local/go/src/net/http/server.go:3454 +0x3d8

=========================end=========================
=========================2026-03-11 17:48:09 ========================= 
reflect: Call using *bind.ReqTest as type bind.ReqTest
goroutine 11 [running]:
runtime/debug.Stack()
	/usr/local/go/src/runtime/debug/stack.go:26 +0x64
github.com/xxjwxc/public/mylog.(*errDeal).SaveError(0x40002fd4e0, {0x4000114580, 0x36}, {0x751f3a, 0x3})
	/root/go/pkg/mod/github.com/yichouchou/public@v0.0.0-20220119031239-572eeffef718/mylog/common.go:38 +0x204
github.com/xxjwxc/public/mylog.(*stdLog).Error(0x40002fd4e0, {0x40002bbcc0, 0x1, 0x1})
	/root/go/pkg/mod/github.com/yichouchou/public@v0.0.0-20220119031239-572eeffef718/mylog/std.go:38 +0xfc
github.com/xxjwxc/public/mylog.Error(...)
	/root/go/pkg/mod/github.com/yichouchou/public@v0.0.0-20220119031239-572eeffef718/mylog/mylog.go:45
github.com/yichouchou/ginPlus/annotation.New.func1({0x656040, 0x40002bbcb0})
	/root/usr/go-project/gin_plus/annotation/ProcessAnnot.go:117 +0x80
github.com/yichouchou/ginPlus/annotation.(*BaseGin).registerHandlerObjTemp.(*BaseGin).handlerFuncObjTemp.func1.1()
	/root/usr/go-project/gin_plus/annotation/ProcessAnnot.go:994 +0x40
panic({0x656040?, 0x40002bbcb0?})
	/usr/local/go/src/runtime/panic.go:787 +0x124
reflect.Value.call({0x4000188b00?, 0x400006ef60?, 0x400016d4d8?}, {0x7521c5, 0x4}, {0x40000f40c0, 0x6, 0x40002c9d40?})
	/usr/local/go/src/reflect/value.go:437 +0x1520
reflect.Value.Call({0x4000188b00?, 0x400006ef60?, 0x400016d770?}, {0x40000f40c0?, 0x74d5e0?, 0x27a3d4?})
	/usr/local/go/src/reflect/value.go:365 +0x94
github.com/yichouchou/ginPlus/annotation.(*BaseGin).registerHandlerObjTemp.(*BaseGin).handlerFuncObjTemp.func1(0x40003d5100)
	/root/usr/go-project/gin_plus/annotation/ProcessAnnot.go:1372 +0x25b4
github.com/gin-gonic/gin.(*Context).Next(...)
	/root/go/pkg/mod/github.com/gin-gonic/gin@v1.7.7/context.go:168
github.com/gin-gonic/gin.CustomRecoveryWithWriter.func1(0x40003d5100)
	/root/go/pkg/mod/github.com/gin-gonic/gin@v1.7.7/recovery.go:99 +0x78
github.com/gin-gonic/gin.(*Context).Next(...)
	/root/go/pkg/mod/github.com/gin-gonic/gin@v1.7.7/context.go:168
github.com/gin-gonic/gin.LoggerWithConfig.func1(0x40003d5100)
	/root/go/pkg/mod/github.com/gin-gonic/gin@v1.7.7/logger.go:241 +0xb0
github.com/gin-gonic/gin.(*Context).Next(...)
	/root/go/pkg/mod/github.com/gin-gonic/gin@v1.7.7/context.go:168
github.com/gin-gonic/gin.(*Engine).handleHTTPRequest(0x40000d24e0, 0x40003d5100)
	/root/go/pkg/mod/github.com/gin-gonic/gin@v1.7.7/gin.go:555 +0x514
github.com/gin-gonic/gin.(*Engine).ServeHTTP(0x40000d24e0, {0x8744d0, 0x40003dc0e0}, 0x4000235cc0)
	/root/go/pkg/mod/github.com/gin-gonic/gin@v1.7.7/gin.go:511 +0x16c
net/http.serverHandler.ServeHTTP({0x40003ffbc0?}, {0x8744d0?, 0x40003dc0e0?}, 0x1?)
	/usr/local/go/src/net/http/server.go:3301 +0xbc
net/http.(*conn).serve(0x400021e630, {0x875910, 0x40003ffad0})
	/usr/local/go/src/net/http/server.go:2102 +0x52c
created by net/http.(*Server).Serve in goroutine 1
	/usr/local/go/src/net/http/server.go:3454 +0x3d8

=========================end=========================
=========================2026-03-11 17:51:30 ========================= 
reflect: Call using *bind.ReqTest as type bind.ReqTest
goroutine 3 [running]:
runtime/debug.Stack()
	/usr/local/go/src/runtime/debug/stack.go:26 +0x64
github.com/xxjwxc/public/mylog.(*errDeal).SaveError(0x400029f4c0, {0x4000164580, 0x36}, {0x751f3a, 0x3})
	/root/go/pkg/mod/github.com/yichouchou/public@v0.0.0-20220119031239-572eeffef718/mylog/common.go:38 +0x204
github.com/xxjwxc/public/mylog.(*stdLog).Error(0x400029f4c0, {0x400011da70, 0x1, 0x1})
	/root/go/pkg/mod/github.com/yichouchou/public@v0.0.0-20220119031239-572eeffef718/mylog/std.go:38 +0xfc
github.com/xxjwxc/public/mylog.Error(...)
	/root/go/pkg/mod/github.com/yichouchou/public@v0.0.0-20220119031239-572eeffef718/mylog/mylog.go:45
github.com/yichouchou/ginPlus/annotation.New.func1({0x656040, 0x400011da60})
	/root/usr/go-project/gin_plus/annotation/ProcessAnnot.go:117 +0x80
github.com/yichouchou/ginPlus/annotation.(*BaseGin).registerHandlerObjTemp.(*BaseGin).handlerFuncObjTemp.func1.1()
	/root/usr/go-project/gin_plus/annotation/ProcessAnnot.go:994 +0x40
panic({0x656040?, 0x400011da60?})
	/usr/local/go/src/runtime/panic.go:787 +0x124
reflect.Value.call({0x4000358a80?, 0x4000114f60?, 0x40001854d8?}, {0x7521c5, 0x4}, {0x40001540c0, 0x6, 0x40000eddc0?})
	/usr/local/go/src/reflect/value.go:437 +0x1520
reflect.Value.Call({0x4000358a80?, 0x4000114f60?, 0x4000185770?}, {0x40001540c0?, 0x74d5e0?, 0x27a3d4?})
	/usr/local/go/src/reflect/value.go:365 +0x94
github.com/yichouchou/ginPlus/annotation.(*BaseGin).registerHandlerObjTemp.(*BaseGin).handlerFuncObjTemp.func1(0x400007f100)
	/root/usr/go-project/gin_plus/annotation/ProcessAnnot.go:1372 +0x25b4
github.com/gin-gonic/gin.(*Context).Next(...)
	/root/go/pkg/mod/github.com/gin-gonic/gin@v1.7.7/context.go:168
github.com/gin-gonic/gin.CustomRecoveryWithWriter.func1(0x400007f100)
	/root/go/pkg/mod/github.com/gin-gonic/gin@v1.7.7/recovery.go:99 +0x78
github.com/gin-gonic/gin.(*Context).Next(...)
	/root/go/pkg/mod/github.com/gin-gonic/gin@v1.7.7/context.go:168
github.com/gin-gonic/gin.LoggerWithConfig.func1(0x400007f100)
	/root/go/pkg/mod/github.com/gin-gonic/gin@v1.7.7/logger.go:241 +0xb0
github.com/gin-gonic/gin.(*Context).Next(...)
	/root/go/pkg/mod/github.com/gin-gonic/gin@v1.7.7/context.go:168
github.com/gin-gonic/gin.(*Engine).handleHTTPRequest(0x40001504e0, 0x400007f100)
	/root/go/pkg/mod/github.com/gin-gonic/gin@v1.7.7/gin.go:555 +0x514
github.com/gin-gonic/gin.(*Engine).ServeHTTP(0x40001504e0, {0x8744d0, 0x40000160e0}, 0x40001c3cc0)
	/root/go/pkg/mod/github.com/gin-gonic/gin@v1.7.7/gin.go:511 +0x16c
net/http.serverHandler.ServeHTTP({0x40000f5bc0?}, {0x8744d0?, 0x40000160e0?}, 0x1?)
	/usr/local/go/src/net/http/server.go:3301 +0xbc
net/http.(*conn).serve(0x40001ac630, {0x875910, 0x40000f5ad0})
	/usr/local/go/src/net/http/server.go:2102 +0x52c
created by net/http.(*Server).Serve in goroutine 1
	/usr/local/go/src/net/http/server.go:3454 +0x3d8

=========================end=========================
=========================2026-03-11 17:54:40 ========================= 
reflect: Call using zero Value argument
goroutine 8 [running]:
runtime/debug.Stack()
	/usr/local/go/src/runtime/debug/stack.go:26 +0x64
github.com/xxjwxc/public/mylog.(*errDeal).SaveError(0x400029f4c0, {0x400034e450, 0x27}, {0x751f3a, 0x3})
	/root/go/pkg/mod/github.com/yichouchou/public@v0.0.0-20220119031239-572eeffef718/mylog/common.go:38 +0x204
github.com/xxjwxc/public/mylog.(*stdLog).Error(0x400029f4c0, {0x400025c0f0, 0x1, 0x1})
	/root/go/pkg/mod/github.com/yichouchou/public@v0.0.0-20220119031239-572eeffef718/mylog/std.go:38 +0xfc
github.com/xxjwxc/public/mylog.Error(...)
	/root/go/pkg/mod/github.com/yichouchou/public@v0.0.0-20220119031239-572eeffef718/mylog/mylog.go:45
github.com/yichouchou/ginPlus/annotation.New.func1({0x656040, 0x400025c0e0})
	/root/usr/go-project/gin_plus/annotation/ProcessAnnot.go:117 +0x80
github.com/yichouchou/ginPlus/annotation.(*BaseGin).registerHandlerObjTemp.(*BaseGin).handlerFuncObjTemp.func1.1()
	/root/usr/go-project/gin_plus/annotation/ProcessAnnot.go:994 +0x40
panic({0x656040?, 0x400025c0e0?})
	/usr/local/go/src/runtime/panic.go:787 +0x124
reflect.Value.call({0x40000acb00?, 0x400011cf60?, 0x4000177528?}, {0x7521c5, 0x4}, {0x40001ee000, 0x6, 0x5a22e0?})
	/usr/local/go/src/reflect/value.go:432 +0x156c
reflect.Value.Call({0x40000acb00?, 0x400011cf60?, 0x4000177770?}, {0x40001ee000?, 0x74d5e0?, 0x2ff0a?})
	/usr/local/go/src/reflect/value.go:365 +0x94
github.com/yichouchou/ginPlus/annotation.(*BaseGin).registerHandlerObjTemp.(*BaseGin).handlerFuncObjTemp.func1(0x40001e4100)
	/root/usr/go-project/gin_plus/annotation/ProcessAnnot.go:1368 +0x2508
github.com/gin-gonic/gin.(*Context).Next(...)
	/root/go/pkg/mod/github.com/gin-gonic/gin@v1.7.7/context.go:168
github.com/gin-gonic/gin.CustomRecoveryWithWriter.func1(0x40001e4100)
	/root/go/pkg/mod/github.com/gin-gonic/gin@v1.7.7/recovery.go:99 +0x78
github.com/gin-gonic/gin.(*Context).Next(...)
	/root/go/pkg/mod/github.com/gin-gonic/gin@v1.7.7/context.go:168
github.com/gin-gonic/gin.LoggerWithConfig.func1(0x40001e4100)
	/root/go/pkg/mod/github.com/gin-gonic/gin@v1.7.7/logger.go:241 +0xb0
github.com/gin-gonic/gin.(*Context).Next(...)
	/root/go/pkg/mod/github.com/gin-gonic/gin@v1.7.7/context.go:168
github.com/gin-gonic/gin.(*Engine).handleHTTPRequest(0x40001584e0, 0x40001e4100)
	/root/go/pkg/mod/github.com/gin-gonic/gin@v1.7.7/gin.go:555 +0x514
github.com/gin-gonic/gin.(*Engine).ServeHTTP(0x40001584e0, {0x8744b0, 0x40001b2000}, 0x400022a3c0)
	/root/go/pkg/mod/github.com/gin-gonic/gin@v1.7.7/gin.go:511 +0x16c
net/http.serverHandler.ServeHTTP({0x40000b0030?}, {0x8744b0?, 0x40001b2000?}, 0x1?)
	/usr/local/go/src/net/http/server.go:3301 +0xbc
net/http.(*conn).serve(0x40001b4630, {0x8758f0, 0x40000e1ad0})
	/usr/local/go/src/net/http/server.go:2102 +0x52c
created by net/http.(*Server).Serve in goroutine 1
	/usr/local/go/src/net/http/server.go:3454 +0x3d8

=========================end=========================
