=========================2026-03-11 20:14:12 ========================= 
reflect: Call using bind.ReqTest as type *bind.ReqTest
goroutine 32 [running]:
runtime/debug.Stack()
	/usr/local/go/src/runtime/debug/stack.go:26 +0x64
github.com/xxjwxc/public/mylog.(*errDeal).SaveError(0x400007a4a0, {0x40003a3fc0, 0x36}, {0x751f3a, 0x3})
	/root/go/pkg/mod/github.com/yichouchou/public@v0.0.0-20220119031239-572eeffef718/mylog/common.go:38 +0x204
github.com/xxjwxc/public/mylog.(*stdLog).Error(0x400007a4a0, {0x40001fc940, 0x1, 0x1})
	/root/go/pkg/mod/github.com/yichouchou/public@v0.0.0-20220119031239-572eeffef718/mylog/std.go:38 +0xfc
github.com/xxjwxc/public/mylog.Error(...)
	/root/go/pkg/mod/github.com/yichouchou/public@v0.0.0-20220119031239-572eeffef718/mylog/mylog.go:45
github.com/yichouchou/ginPlus/annotation.New.func1({0x656040, 0x40001fc930})
	/root/usr/go-project/gin_plus/annotation/ProcessAnnot.go:117 +0x80
github.com/yichouchou/ginPlus/annotation.(*BaseGin).registerHandlerObjTemp.(*BaseGin).handlerFuncObjTemp.func1.1()
	/root/usr/go-project/gin_plus/annotation/ProcessAnnot.go:994 +0x40
panic({0x656040?, 0x40001fc930?})
	/usr/local/go/src/runtime/panic.go:787 +0x124
reflect.Value.call({0x4000398a20?, 0x400006ed20?, 0x4000105508?}, {0x7521c5, 0x4}, {0x40002018c0, 0x3, 0x5a0f00?})
	/usr/local/go/src/reflect/value.go:437 +0x1520
reflect.Value.Call({0x4000398a20?, 0x400006ed20?, 0x4000576580?}, {0x40002018c0?, 0x74d5e0?, 0x27a3d4?})
	/usr/local/go/src/reflect/value.go:365 +0x94
github.com/yichouchou/ginPlus/annotation.(*BaseGin).registerHandlerObjTemp.(*BaseGin).handlerFuncObjTemp.func1(0x400051f100)
	/root/usr/go-project/gin_plus/annotation/ProcessAnnot.go:1235 +0x12e4
github.com/gin-gonic/gin.(*Context).Next(...)
	/root/go/pkg/mod/github.com/gin-gonic/gin@v1.7.7/context.go:168
github.com/gin-gonic/gin.CustomRecoveryWithWriter.func1(0x400051f100)
	/root/go/pkg/mod/github.com/gin-gonic/gin@v1.7.7/recovery.go:99 +0x78
github.com/gin-gonic/gin.(*Context).Next(...)
	/root/go/pkg/mod/github.com/gin-gonic/gin@v1.7.7/context.go:168
github.com/gin-gonic/gin.LoggerWithConfig.func1(0x400051f100)
	/root/go/pkg/mod/github.com/gin-gonic/gin@v1.7.7/logger.go:241 +0xb0
github.com/gin-gonic/gin.(*Context).Next(...)
	/root/go/pkg/mod/github.com/gin-gonic/gin@v1.7.7/context.go:168
github.com/gin-gonic/gin.(*Engine).handleHTTPRequest(0x400039e4e0, 0x400051f100)
	/root/go/pkg/mod/github.com/gin-gonic/gin@v1.7.7/gin.go:555 +0x514
github.com/gin-gonic/gin.(*Engine).ServeHTTP(0x400039e4e0, {0x8744d0, 0x4000524460}, 0x4000391680)
	/root/go/pkg/mod/github.com/gin-gonic/gin@v1.7.7/gin.go:511 +0x16c
net/http.serverHandler.ServeHTTP({0x872060?}, {0x8744d0?, 0x4000524460?}, 0x1?)
	/usr/local/go/src/net/http/server.go:3301 +0xbc
net/http.(*conn).serve(0x4000154bd0, {0x875910, 0x4000543ad0})
	/usr/local/go/src/net/http/server.go:2102 +0x52c
created by net/http.(*Server).Serve in goroutine 1
	/usr/local/go/src/net/http/server.go:3454 +0x3d8

=========================end=========================
